<?xml version="1.0" encoding="UTF-8"?>
<!-- Generated by org.testng.reporters.JUnitXMLReporter -->
<testsuite hostname="SSATISHK-IN" ignored="2" name="My Sample Contact Test" tests="2" failures="0" timestamp="01 Jul 2020 15:34:20 GMT" time="9.039" errors="0">
  <testcase name="CreateContactTest" time="0.005" classname="TestNgAnnotationSession.ContactsTest"/>
  <testcase name="header" time="0.001" classname="TestNgAnnotationSession.HomeTest"/>
  <testcase name="@BeforeTest setup" time="0.0" classname="TestNgAnnotationSession.BaseTest">
    <ignored/>
  </testcase> <!-- @BeforeTest setup -->
  <testcase name="@AfterTest tearDown" time="0.0" classname="TestNgAnnotationSession.BaseTest">
    <ignored/>
  </testcase> <!-- @AfterTest tearDown -->
</testsuite> <!-- My Sample Contact Test -->
