<?xml version="1.0" encoding="UTF-8"?>
<!-- Generated by org.testng.reporters.JUnitXMLReporter -->
<testsuite hostname="SSATISHK-IN" ignored="2" name="My Sample Test" tests="2" failures="0" timestamp="25 Jun 2020 04:00:10 GMT" time="0.026" errors="0">
  <testcase name="CreateContactTest" time="0.003" classname="TestNgAnnotationSession.ContactsTest"/>
  <testcase name="header" time="0.0" classname="TestNgAnnotationSession.HomeTest"/>
  <testcase name="@BeforeTest setup" time="0.0" classname="TestNgAnnotationSession.BaseTest">
    <ignored/>
  </testcase> <!-- @BeforeTest setup -->
  <testcase name="@AfterTest teardown" time="0.0" classname="TestNgAnnotationSession.BaseTest">
    <ignored/>
  </testcase> <!-- @AfterTest teardown -->
</testsuite> <!-- My Sample Test -->
